17:31:50.236 [main] DEBUG org.example.Main - Был создан парсер
17:31:50.237 [main] DEBUG org.example.Calculator.Calculator - Была создана фабрика
17:31:50.237 [main] DEBUG org.example.Parser.StreamParser - Получен путь к файлу
17:31:50.237 [main] DEBUG org.example.Parser.StreamParser - Файл считан
17:31:50.237 [main] DEBUG org.example.Calculator.Calculator - Установлен режим file
17:31:50.237 [main] DEBUG org.example.Parser.StreamParser - Считана строка
17:31:50.237 [main] DEBUG org.example.Parser.StreamParser - Получена строка с комментарием
17:31:50.238 [main] DEBUG org.example.Calculator.Calculator - Получена операция файла
17:31:50.238 [main] DEBUG org.example.Calculator.Calculator - Обработана операция файла
17:31:50.238 [main] DEBUG org.example.Parser.StreamParser - Считана строка
17:31:50.238 [main] DEBUG org.example.Parser.StreamParser - Создан макрос
17:31:50.238 [main] DEBUG org.example.Calculator.Calculator - Получена операция файла
17:31:50.238 [main] DEBUG org.example.Calculator.Calculator - Обработана операция файла
17:31:50.238 [main] DEBUG org.example.Parser.StreamParser - Считана строка
17:31:50.238 [main] DEBUG org.example.Parser.StreamParser - Запушено значение
17:31:50.238 [main] DEBUG org.example.Calculator.Calculator - Получена операция файла
17:31:50.238 [main] DEBUG org.example.Calculator.Calculator - Обработана операция файла
17:31:50.238 [main] DEBUG org.example.Parser.StreamParser - Считана строка
17:31:50.238 [main] DEBUG org.example.Parser.StreamParser - Запушено значение
17:31:50.238 [main] DEBUG org.example.Calculator.Calculator - Получена операция файла
17:31:50.238 [main] DEBUG org.example.Calculator.Calculator - Обработана операция файла
17:31:50.238 [main] DEBUG org.example.Parser.StreamParser - Считана строка
17:31:50.238 [main] DEBUG org.example.Calculator.Calculator - Получена операция файла
17:31:50.238 [main] DEBUG org.example.FactoryComand.Factory - Произведено вычисление
17:31:50.238 [main] DEBUG org.example.Calculator.Calculator - Обработана операция файла
17:31:50.239 [main] DEBUG org.example.Parser.StreamParser - Считана строка
17:31:50.239 [main] DEBUG org.example.Parser.StreamParser - print выполнен
17:31:50.239 [main] DEBUG org.example.Calculator.Calculator - Получена операция файла
17:31:50.239 [main] DEBUG org.example.Calculator.Calculator - Обработана операция файла
17:31:50.239 [main] DEBUG org.example.Parser.StreamParser - Считана строка
17:31:50.239 [main] ERROR org.example.Parser.StreamParser - Файл закончен или произошла ошибка в чтении
17:31:50.239 [main] DEBUG org.example.Calculator.Calculator - Получена операция файла
17:31:50.239 [main] INFO  org.example.Main - Калькулятор завершил работу
17:33:40.196 DEBUG org.example.Main - Был создан парсер
17:33:40.197 DEBUG org.example.Calculator.Calculator - Была создана фабрика
17:33:40.197 DEBUG org.example.Parser.StreamParser - Получен путь к файлу
17:33:40.198 DEBUG org.example.Parser.StreamParser - Файл считан
17:33:40.198 DEBUG org.example.Calculator.Calculator - Установлен режим file
17:33:40.198 DEBUG org.example.Parser.StreamParser - Считана строка
17:33:40.198 DEBUG org.example.Parser.StreamParser - Получена строка с комментарием
17:33:40.198 DEBUG org.example.Calculator.Calculator - Получена операция файла
17:33:40.198 DEBUG org.example.Calculator.Calculator - Обработана операция файла
17:33:40.198 DEBUG org.example.Parser.StreamParser - Считана строка
17:33:40.198 DEBUG org.example.Parser.StreamParser - Создан макрос
17:33:40.198 DEBUG org.example.Calculator.Calculator - Получена операция файла
17:33:40.198 DEBUG org.example.Calculator.Calculator - Обработана операция файла
17:33:40.198 DEBUG org.example.Parser.StreamParser - Считана строка
17:33:40.198 DEBUG org.example.Parser.StreamParser - Запушено значение
17:33:40.198 DEBUG org.example.Calculator.Calculator - Получена операция файла
17:33:40.198 DEBUG org.example.Calculator.Calculator - Обработана операция файла
17:33:40.198 DEBUG org.example.Parser.StreamParser - Считана строка
17:33:40.199 DEBUG org.example.Parser.StreamParser - Запушено значение
17:33:40.199 DEBUG org.example.Calculator.Calculator - Получена операция файла
17:33:40.199 DEBUG org.example.Calculator.Calculator - Обработана операция файла
17:33:40.199 DEBUG org.example.Parser.StreamParser - Считана строка
17:33:40.199 DEBUG org.example.Calculator.Calculator - Получена операция файла
17:33:40.199 DEBUG org.example.FactoryComand.Factory - Произведено вычисление
17:33:40.199 DEBUG org.example.Calculator.Calculator - Обработана операция файла
17:33:40.199 DEBUG org.example.Parser.StreamParser - Считана строка
17:33:40.199 DEBUG org.example.Parser.StreamParser - print выполнен
17:33:40.199 DEBUG org.example.Calculator.Calculator - Получена операция файла
17:33:40.199 DEBUG org.example.Calculator.Calculator - Обработана операция файла
17:33:40.199 DEBUG org.example.Parser.StreamParser - Считана строка
17:33:40.199 ERROR org.example.Parser.StreamParser - Файл закончен или произошла ошибка в чтении
17:33:40.199 DEBUG org.example.Calculator.Calculator - Получена операция файла
17:33:40.199 INFO  org.example.Main - Калькулятор завершил работу
21:33:37.712 DEBUG org.example.Main - Был создан парсер
21:33:37.713 DEBUG org.example.Calculator.Calculator - Была создана фабрика
21:33:37.713 ERROR org.example.Parser.StreamParser - Поданы не корректные аргументы
21:33:37.713 DEBUG org.example.Calculator.Calculator - Установлен режим console
21:33:37.717 DEBUG org.example.Calculator.Calculator - Напечатана информация о командах
21:33:37.717 INFO  org.example.Calculator.Calculator - Калькулятор запущен
21:33:47.859 DEBUG org.example.Parser.StreamParser - Считана строка
21:33:47.862 DEBUG org.example.Parser.StreamParser - Запушено значение
21:33:47.862 DEBUG org.example.Calculator.Calculator - Получена операция
21:33:47.862 DEBUG org.example.Calculator.Calculator - Обработана операция
21:33:49.646 DEBUG org.example.Parser.StreamParser - Считана строка
21:33:49.647 DEBUG org.example.Parser.StreamParser - Запушено значение
21:33:49.647 DEBUG org.example.Calculator.Calculator - Получена операция
21:33:49.647 DEBUG org.example.Calculator.Calculator - Обработана операция
21:33:51.268 DEBUG org.example.Parser.StreamParser - Считана строка
21:33:51.269 DEBUG org.example.Parser.StreamParser - print выполнен
21:33:51.269 DEBUG org.example.Calculator.Calculator - Получена операция
21:33:51.270 DEBUG org.example.Calculator.Calculator - Обработана операция
21:33:53.299 DEBUG org.example.Parser.StreamParser - Считана строка
21:33:53.300 DEBUG org.example.Parser.StreamParser - print выполнен
21:33:53.300 DEBUG org.example.Calculator.Calculator - Получена операция
21:33:53.300 DEBUG org.example.Calculator.Calculator - Обработана операция
21:33:57.223 DEBUG org.example.Parser.StreamParser - Считана строка
21:33:57.224 DEBUG org.example.Parser.StreamParser - pop выполнен
21:33:57.224 DEBUG org.example.Calculator.Calculator - Получена операция
21:33:57.224 DEBUG org.example.Calculator.Calculator - Обработана операция
21:34:06.402 DEBUG org.example.Parser.StreamParser - Считана строка
21:34:06.403 DEBUG org.example.Parser.StreamParser - Запушено значение
21:34:06.403 DEBUG org.example.Calculator.Calculator - Получена операция
21:34:06.404 DEBUG org.example.Calculator.Calculator - Обработана операция
21:34:07.656 DEBUG org.example.Parser.StreamParser - Считана строка
21:34:07.658 DEBUG org.example.Parser.StreamParser - print выполнен
21:34:07.658 DEBUG org.example.Calculator.Calculator - Получена операция
21:34:07.658 DEBUG org.example.Calculator.Calculator - Обработана операция
21:34:11.429 DEBUG org.example.Parser.StreamParser - Считана строка
21:34:11.430 DEBUG org.example.Calculator.Calculator - Получена операция
21:34:11.430 DEBUG org.example.FactoryComand.iComand - Извлечение квадратного корня из отрицательного числа
21:34:11.450 ERROR org.example.FactoryComand.Factory - Ошибка при вычисленияхотрицательное число
21:34:11.453 DEBUG org.example.Calculator.Calculator - Обработана операция
21:38:32.112 DEBUG org.example.FactoryComand.Factory - Подана не корректная команда
21:38:35.726 DEBUG org.example.FactoryComand.Factory - Подана не корректная команда
21:39:25.001 DEBUG org.example.FactoryComand.Factory - Произведено вычисление
21:58:04.377 ERROR org.example.Parser.StreamParser - Поданы не корректные аргументы
21:58:18.684 ERROR org.example.Parser.StreamParser - Поданы не корректные аргументы
22:01:42.608 ERROR org.example.Parser.StreamParser - Файл закончен или произошла ошибка в чтении
22:01:42.611 DEBUG org.example.Calculator.Calculator - Получена операция
22:02:05.762 DEBUG org.example.Main - Был создан парсер
22:02:05.764 DEBUG org.example.Calculator.Calculator - Была создана фабрика
22:02:05.764 DEBUG org.example.Parser.StreamParser - Получен путь к файлу
22:02:05.764 DEBUG org.example.Parser.StreamParser - Файл считан
22:02:05.764 DEBUG org.example.Calculator.Calculator - Установлен режим file
22:02:05.764 DEBUG org.example.Parser.StreamParser - Считана строка
22:02:05.764 DEBUG org.example.Parser.StreamParser - Получена строка с комментарием
22:02:05.764 DEBUG org.example.Calculator.Calculator - Получена операция файла
22:02:05.764 DEBUG org.example.Calculator.Calculator - Обработана операция файла
22:02:05.764 DEBUG org.example.Parser.StreamParser - Считана строка
22:02:05.765 DEBUG org.example.Parser.StreamParser - Создан макрос
22:02:05.765 DEBUG org.example.Calculator.Calculator - Получена операция файла
22:02:05.765 DEBUG org.example.Calculator.Calculator - Обработана операция файла
22:02:05.765 DEBUG org.example.Parser.StreamParser - Считана строка
22:02:05.765 DEBUG org.example.Parser.StreamParser - Запушено значение
22:02:05.765 DEBUG org.example.Calculator.Calculator - Получена операция файла
22:02:05.765 DEBUG org.example.Calculator.Calculator - Обработана операция файла
22:02:05.765 DEBUG org.example.Parser.StreamParser - Считана строка
22:02:05.765 DEBUG org.example.Parser.StreamParser - Запушено значение
22:02:05.765 DEBUG org.example.Calculator.Calculator - Получена операция файла
22:02:05.765 DEBUG org.example.Calculator.Calculator - Обработана операция файла
22:02:05.765 DEBUG org.example.Parser.StreamParser - Считана строка
22:02:05.765 DEBUG org.example.Calculator.Calculator - Получена операция файла
22:02:05.765 DEBUG org.example.FactoryComand.Factory - Произведено вычисление
22:02:05.766 DEBUG org.example.Calculator.Calculator - Обработана операция файла
22:02:05.766 DEBUG org.example.Parser.StreamParser - Считана строка
22:02:05.766 DEBUG org.example.Parser.StreamParser - print выполнен
22:02:05.766 DEBUG org.example.Calculator.Calculator - Получена операция файла
22:02:05.766 DEBUG org.example.Calculator.Calculator - Обработана операция файла
22:02:05.766 DEBUG org.example.Parser.StreamParser - Считана строка
22:02:05.766 ERROR org.example.Parser.StreamParser - Файл закончен или произошла ошибка в чтении
22:02:05.766 DEBUG org.example.Calculator.Calculator - Получена операция файла
22:02:05.766 INFO  org.example.Main - Калькулятор завершил работу
22:02:07.020 DEBUG org.example.Main - Был создан парсер
22:02:07.021 DEBUG org.example.Calculator.Calculator - Была создана фабрика
22:02:07.022 DEBUG org.example.Parser.StreamParser - Получен путь к файлу
22:02:07.022 DEBUG org.example.Parser.StreamParser - Файл считан
22:02:07.022 DEBUG org.example.Calculator.Calculator - Установлен режим file
22:02:07.022 DEBUG org.example.Parser.StreamParser - Считана строка
22:02:07.022 DEBUG org.example.Parser.StreamParser - Получена строка с комментарием
22:02:07.022 DEBUG org.example.Calculator.Calculator - Получена операция файла
22:02:07.022 DEBUG org.example.Calculator.Calculator - Обработана операция файла
22:02:07.022 DEBUG org.example.Parser.StreamParser - Считана строка
22:02:07.022 DEBUG org.example.Parser.StreamParser - Создан макрос
22:02:07.022 DEBUG org.example.Calculator.Calculator - Получена операция файла
22:02:07.022 DEBUG org.example.Calculator.Calculator - Обработана операция файла
22:02:07.022 DEBUG org.example.Parser.StreamParser - Считана строка
22:02:07.022 DEBUG org.example.Parser.StreamParser - Запушено значение
22:02:07.022 DEBUG org.example.Calculator.Calculator - Получена операция файла
22:02:07.022 DEBUG org.example.Calculator.Calculator - Обработана операция файла
22:02:07.022 DEBUG org.example.Parser.StreamParser - Считана строка
22:02:07.022 DEBUG org.example.Parser.StreamParser - Запушено значение
22:02:07.022 DEBUG org.example.Calculator.Calculator - Получена операция файла
22:02:07.022 DEBUG org.example.Calculator.Calculator - Обработана операция файла
22:02:07.022 DEBUG org.example.Parser.StreamParser - Считана строка
22:02:07.022 DEBUG org.example.Calculator.Calculator - Получена операция файла
22:02:07.022 DEBUG org.example.FactoryComand.Factory - Произведено вычисление
22:02:07.023 DEBUG org.example.Calculator.Calculator - Обработана операция файла
22:02:07.023 DEBUG org.example.Parser.StreamParser - Считана строка
22:02:07.023 DEBUG org.example.Parser.StreamParser - print выполнен
22:02:07.023 DEBUG org.example.Calculator.Calculator - Получена операция файла
22:02:07.023 DEBUG org.example.Calculator.Calculator - Обработана операция файла
22:02:07.023 DEBUG org.example.Parser.StreamParser - Считана строка
22:02:07.023 ERROR org.example.Parser.StreamParser - Файл закончен или произошла ошибка в чтении
22:02:07.023 DEBUG org.example.Calculator.Calculator - Получена операция файла
22:02:07.023 INFO  org.example.Main - Калькулятор завершил работу
22:02:22.359 ERROR org.example.Parser.StreamParser - Поданы не корректные аргументы
22:04:19.847 DEBUG org.example.Parser.StreamParser - Получен путь к файлу
22:04:19.848 DEBUG org.example.Parser.StreamParser - Файл считан
22:04:48.070 DEBUG org.example.Parser.StreamParser - Получен путь к файлу
22:04:48.071 ERROR org.example.Parser.StreamParser - Не удалось считать файл
22:04:48.072 ERROR org.example.Parser.StreamParser - Поданы не корректные аргументы
22:30:38.301 DEBUG org.example.Parser.StreamParser - Получен путь к файлу
22:30:38.302 ERROR org.example.Parser.StreamParser - Не удалось считать файл
22:30:38.303 ERROR org.example.Parser.StreamParser - Поданы не корректные аргументы
22:30:38.304 ERROR org.example.Parser.StreamParser - Файл закончен или произошла ошибка в чтении
22:30:38.305 ERROR org.example.Parser.StreamParser - Файл закончен или произошла ошибка в чтении
22:30:38.305 ERROR org.example.Parser.StreamParser - Файл закончен или произошла ошибка в чтении
22:30:38.305 ERROR org.example.Parser.StreamParser - Файл закончен или произошла ошибка в чтении
22:37:06.689 DEBUG org.example.Parser.StreamParser - Получен путь к файлу
22:37:06.690 ERROR org.example.Parser.StreamParser - Не удалось считать файл
22:37:06.691 ERROR org.example.Parser.StreamParser - Поданы не корректные аргументы
22:37:06.691 ERROR org.example.Parser.StreamParser - Файл закончен или произошла ошибка в чтении
22:37:06.692 ERROR org.example.Parser.StreamParser - Файл закончен или произошла ошибка в чтении
22:37:06.692 ERROR org.example.Parser.StreamParser - Файл закончен или произошла ошибка в чтении
22:37:06.692 ERROR org.example.Parser.StreamParser - Файл закончен или произошла ошибка в чтении
22:37:19.401 DEBUG org.example.Parser.StreamParser - Получен путь к файлу
22:37:19.403 ERROR org.example.Parser.StreamParser - Не удалось считать файл
22:37:19.403 ERROR org.example.Parser.StreamParser - Поданы не корректные аргументы
22:37:19.404 ERROR org.example.Parser.StreamParser - Файл закончен или произошла ошибка в чтении
22:37:19.404 ERROR org.example.Parser.StreamParser - Файл закончен или произошла ошибка в чтении
22:37:19.404 ERROR org.example.Parser.StreamParser - Файл закончен или произошла ошибка в чтении
22:37:32.778 ERROR org.example.Parser.StreamParser - Файл закончен или произошла ошибка в чтении
22:37:44.277 DEBUG org.example.Parser.StreamParser - Получен путь к файлу
22:37:44.279 ERROR org.example.Parser.StreamParser - Не удалось считать файл
22:37:44.280 ERROR org.example.Parser.StreamParser - Поданы не корректные аргументы
22:37:44.280 ERROR org.example.Parser.StreamParser - Файл закончен или произошла ошибка в чтении
22:37:44.281 ERROR org.example.Parser.StreamParser - Файл закончен или произошла ошибка в чтении
22:37:44.282 ERROR org.example.Parser.StreamParser - Файл закончен или произошла ошибка в чтении
22:38:43.782 DEBUG org.example.Parser.StreamParser - Получен путь к файлу
22:39:19.314 DEBUG org.example.Parser.StreamParser - Получен путь к файлу
22:39:19.315 DEBUG org.example.Parser.StreamParser - Файл считан
22:39:19.315 DEBUG org.example.Parser.StreamParser - Считана строка
22:39:19.315 DEBUG org.example.Parser.StreamParser - Получена строка с комментарием
22:39:19.316 DEBUG org.example.Parser.StreamParser - Считана строка
22:39:19.316 DEBUG org.example.Parser.StreamParser - Создан макрос
22:39:19.316 DEBUG org.example.Parser.StreamParser - Считана строка
22:39:19.316 ERROR org.example.Parser.StreamParser - Неверный формат ввода команды define
22:39:19.317 DEBUG org.example.Parser.StreamParser - Считана строка
22:39:52.753 DEBUG org.example.Parser.StreamParser - Получен путь к файлу
22:39:52.754 DEBUG org.example.Parser.StreamParser - Файл считан
22:39:52.755 DEBUG org.example.Parser.StreamParser - Считана строка
22:39:52.755 DEBUG org.example.Parser.StreamParser - Получена строка с комментарием
22:39:52.756 DEBUG org.example.Parser.StreamParser - Считана строка
22:39:52.756 DEBUG org.example.Parser.StreamParser - Создан макрос
22:39:52.756 DEBUG org.example.Parser.StreamParser - Считана строка
22:39:52.756 ERROR org.example.Parser.StreamParser - Неверный формат ввода команды define
22:39:52.756 DEBUG org.example.Parser.StreamParser - Считана строка
22:39:52.757 DEBUG org.example.Parser.StreamParser - Считана строка
22:39:52.757 ERROR org.example.Parser.StreamParser - Неверный формат ввода команды push
22:39:52.757 DEBUG org.example.Parser.StreamParser - Считана строка
22:39:52.757 ERROR org.example.Parser.StreamParser - Не верное значение аргументов(нет такого макроса)
22:39:52.757 DEBUG org.example.Parser.StreamParser - Считана строка
22:39:52.757 DEBUG org.example.Parser.StreamParser - Запушено значение
22:40:13.533 DEBUG org.example.Parser.StreamParser - Получен путь к файлу
22:40:13.534 DEBUG org.example.Parser.StreamParser - Файл считан
22:40:13.535 DEBUG org.example.Parser.StreamParser - Считана строка
22:40:13.535 DEBUG org.example.Parser.StreamParser - Получена строка с комментарием
22:40:13.535 DEBUG org.example.Parser.StreamParser - Считана строка
22:40:13.535 DEBUG org.example.Parser.StreamParser - Создан макрос
22:40:13.535 DEBUG org.example.Parser.StreamParser - Считана строка
22:40:13.535 ERROR org.example.Parser.StreamParser - Неверный формат ввода команды define
22:40:13.536 DEBUG org.example.Parser.StreamParser - Считана строка
22:40:13.537 DEBUG org.example.Parser.StreamParser - Считана строка
22:40:13.537 ERROR org.example.Parser.StreamParser - Неверный формат ввода команды push
22:40:13.537 DEBUG org.example.Parser.StreamParser - Считана строка
22:40:13.537 ERROR org.example.Parser.StreamParser - Не верное значение аргументов(нет такого макроса)
22:40:13.537 DEBUG org.example.Parser.StreamParser - Считана строка
22:40:13.537 DEBUG org.example.Parser.StreamParser - Запушено значение
22:40:13.537 DEBUG org.example.Parser.StreamParser - Считана строка
22:40:13.537 DEBUG org.example.Parser.StreamParser - Запушено значение
22:44:11.749 DEBUG org.example.Parser.StreamParser - Получен путь к файлу
22:44:11.750 DEBUG org.example.Parser.StreamParser - Файл считан
22:44:11.750 DEBUG org.example.Parser.StreamParser - Считана строка
22:44:11.750 DEBUG org.example.Parser.StreamParser - Получена строка с комментарием
22:44:11.751 DEBUG org.example.Parser.StreamParser - Считана строка
22:44:11.751 DEBUG org.example.Parser.StreamParser - Создан макрос
22:44:11.751 DEBUG org.example.Parser.StreamParser - Считана строка
22:44:11.751 ERROR org.example.Parser.StreamParser - Неверный формат ввода команды define
22:44:11.752 DEBUG org.example.Parser.StreamParser - Считана строка
22:44:11.752 DEBUG org.example.Parser.StreamParser - Считана строка
22:44:11.752 ERROR org.example.Parser.StreamParser - Неверный формат ввода команды push
22:44:11.752 DEBUG org.example.Parser.StreamParser - Считана строка
22:44:11.753 ERROR org.example.Parser.StreamParser - Не верное значение аргументов(нет такого макроса)
22:44:11.753 DEBUG org.example.Parser.StreamParser - Считана строка
22:44:11.753 DEBUG org.example.Parser.StreamParser - Запушено значение
22:44:11.753 DEBUG org.example.Parser.StreamParser - Считана строка
22:44:11.753 DEBUG org.example.Parser.StreamParser - Запушено значение
22:44:11.753 DEBUG org.example.Parser.StreamParser - Считана строка
22:44:11.753 DEBUG org.example.Parser.StreamParser - pop выполнен
22:44:11.753 DEBUG org.example.Parser.StreamParser - Считана строка
22:44:11.753 DEBUG org.example.Parser.StreamParser - pop выполнен
22:44:11.753 DEBUG org.example.Parser.StreamParser - Считана строка
22:44:11.753 DEBUG org.example.Parser.StreamParser - Нет элементов в стеке pop
22:44:11.753 DEBUG org.example.Parser.StreamParser - Считана строка
22:44:11.753 DEBUG org.example.Parser.StreamParser - Нет элементов в стеке print
22:44:11.753 DEBUG org.example.Parser.StreamParser - Считана строка
22:44:11.753 DEBUG org.example.Parser.StreamParser - Запушено значение
22:44:11.753 DEBUG org.example.Parser.StreamParser - Считана строка
22:44:11.753 DEBUG org.example.Parser.StreamParser - print выполнен
22:44:56.321 DEBUG org.example.Parser.StreamParser - Получен путь к файлу
22:44:56.323 DEBUG org.example.Parser.StreamParser - Файл считан
22:44:56.323 DEBUG org.example.Parser.StreamParser - Считана строка
22:44:56.324 DEBUG org.example.Parser.StreamParser - Получена строка с комментарием
22:44:56.324 DEBUG org.example.Parser.StreamParser - Считана строка
22:44:56.324 DEBUG org.example.Parser.StreamParser - Создан макрос
22:44:56.325 DEBUG org.example.Parser.StreamParser - Считана строка
22:44:56.325 ERROR org.example.Parser.StreamParser - Неверный формат ввода команды define
22:44:56.325 DEBUG org.example.Parser.StreamParser - Считана строка
22:44:56.326 DEBUG org.example.Parser.StreamParser - Считана строка
22:44:56.326 ERROR org.example.Parser.StreamParser - Неверный формат ввода команды push
22:44:56.326 DEBUG org.example.Parser.StreamParser - Считана строка
22:44:56.326 ERROR org.example.Parser.StreamParser - Не верное значение аргументов(нет такого макроса)
22:44:56.326 DEBUG org.example.Parser.StreamParser - Считана строка
22:44:56.326 DEBUG org.example.Parser.StreamParser - Запушено значение
22:44:56.326 DEBUG org.example.Parser.StreamParser - Считана строка
22:44:56.326 DEBUG org.example.Parser.StreamParser - Запушено значение
22:44:56.326 DEBUG org.example.Parser.StreamParser - Считана строка
22:44:56.326 DEBUG org.example.Parser.StreamParser - pop выполнен
22:44:56.326 DEBUG org.example.Parser.StreamParser - Считана строка
22:44:56.326 DEBUG org.example.Parser.StreamParser - pop выполнен
22:44:56.326 DEBUG org.example.Parser.StreamParser - Считана строка
22:44:56.326 DEBUG org.example.Parser.StreamParser - Нет элементов в стеке pop
22:44:56.327 DEBUG org.example.Parser.StreamParser - Считана строка
22:44:56.327 DEBUG org.example.Parser.StreamParser - Нет элементов в стеке print
22:44:56.327 DEBUG org.example.Parser.StreamParser - Считана строка
22:44:56.327 DEBUG org.example.Parser.StreamParser - Запушено значение
22:44:56.327 DEBUG org.example.Parser.StreamParser - Считана строка
22:44:56.327 DEBUG org.example.Parser.StreamParser - print выполнен
22:44:56.327 DEBUG org.example.Parser.StreamParser - Считана строка
22:45:04.236 DEBUG org.example.Parser.StreamParser - Получен путь к файлу
22:45:04.237 DEBUG org.example.Parser.StreamParser - Файл считан
22:45:04.237 DEBUG org.example.Parser.StreamParser - Считана строка
22:45:04.237 DEBUG org.example.Parser.StreamParser - Получена строка с комментарием
22:45:04.238 DEBUG org.example.Parser.StreamParser - Считана строка
22:45:04.238 DEBUG org.example.Parser.StreamParser - Создан макрос
22:45:04.238 DEBUG org.example.Parser.StreamParser - Считана строка
22:45:04.238 ERROR org.example.Parser.StreamParser - Неверный формат ввода команды define
22:45:04.239 DEBUG org.example.Parser.StreamParser - Считана строка
22:45:04.239 DEBUG org.example.Parser.StreamParser - Считана строка
22:45:04.239 ERROR org.example.Parser.StreamParser - Неверный формат ввода команды push
22:45:04.239 DEBUG org.example.Parser.StreamParser - Считана строка
22:45:04.239 ERROR org.example.Parser.StreamParser - Не верное значение аргументов(нет такого макроса)
22:45:04.239 DEBUG org.example.Parser.StreamParser - Считана строка
22:45:04.240 DEBUG org.example.Parser.StreamParser - Запушено значение
22:45:04.240 DEBUG org.example.Parser.StreamParser - Считана строка
22:45:04.240 DEBUG org.example.Parser.StreamParser - Запушено значение
22:45:04.240 DEBUG org.example.Parser.StreamParser - Считана строка
22:45:04.240 DEBUG org.example.Parser.StreamParser - pop выполнен
22:45:04.240 DEBUG org.example.Parser.StreamParser - Считана строка
22:45:04.240 DEBUG org.example.Parser.StreamParser - pop выполнен
22:45:04.240 DEBUG org.example.Parser.StreamParser - Считана строка
22:45:04.240 DEBUG org.example.Parser.StreamParser - Нет элементов в стеке pop
22:45:04.240 DEBUG org.example.Parser.StreamParser - Считана строка
22:45:04.240 DEBUG org.example.Parser.StreamParser - Нет элементов в стеке print
22:45:04.240 DEBUG org.example.Parser.StreamParser - Считана строка
22:45:04.240 DEBUG org.example.Parser.StreamParser - Запушено значение
22:45:04.240 DEBUG org.example.Parser.StreamParser - Считана строка
22:45:04.240 DEBUG org.example.Parser.StreamParser - print выполнен
22:45:04.240 DEBUG org.example.Parser.StreamParser - Считана строка
22:46:15.678 DEBUG org.example.Parser.StreamParser - Получен путь к файлу
22:46:15.680 DEBUG org.example.Parser.StreamParser - Файл считан
22:46:15.681 DEBUG org.example.Parser.StreamParser - Считана строка
22:46:15.681 DEBUG org.example.Parser.StreamParser - Получена строка с комментарием
22:46:15.681 DEBUG org.example.Parser.StreamParser - Считана строка
22:46:15.681 DEBUG org.example.Parser.StreamParser - Создан макрос
22:46:15.681 DEBUG org.example.Parser.StreamParser - Считана строка
22:46:15.681 ERROR org.example.Parser.StreamParser - Неверный формат ввода команды define
22:46:15.682 DEBUG org.example.Parser.StreamParser - Считана строка
22:46:15.683 DEBUG org.example.Parser.StreamParser - Считана строка
22:46:15.683 ERROR org.example.Parser.StreamParser - Неверный формат ввода команды push
22:46:15.683 DEBUG org.example.Parser.StreamParser - Считана строка
22:46:15.683 ERROR org.example.Parser.StreamParser - Не верное значение аргументов(нет такого макроса)
22:46:15.683 DEBUG org.example.Parser.StreamParser - Считана строка
22:46:15.683 DEBUG org.example.Parser.StreamParser - Запушено значение
22:46:15.683 DEBUG org.example.Parser.StreamParser - Считана строка
22:46:15.683 DEBUG org.example.Parser.StreamParser - Запушено значение
22:46:15.683 DEBUG org.example.Parser.StreamParser - Считана строка
22:46:15.683 DEBUG org.example.Parser.StreamParser - pop выполнен
22:46:15.683 DEBUG org.example.Parser.StreamParser - Считана строка
22:46:15.683 DEBUG org.example.Parser.StreamParser - pop выполнен
22:46:15.683 DEBUG org.example.Parser.StreamParser - Считана строка
22:46:15.683 DEBUG org.example.Parser.StreamParser - Нет элементов в стеке pop
22:46:15.683 DEBUG org.example.Parser.StreamParser - Считана строка
22:46:15.683 DEBUG org.example.Parser.StreamParser - Нет элементов в стеке print
22:46:15.683 DEBUG org.example.Parser.StreamParser - Считана строка
22:46:15.683 DEBUG org.example.Parser.StreamParser - Запушено значение
22:46:15.683 DEBUG org.example.Parser.StreamParser - Считана строка
22:46:15.684 DEBUG org.example.Parser.StreamParser - print выполнен
22:46:15.684 DEBUG org.example.Parser.StreamParser - Считана строка
22:46:15.684 DEBUG org.example.Parser.StreamParser - Считана строка
22:46:15.684 ERROR org.example.Parser.StreamParser - Файл закончен или произошла ошибка в чтении
22:46:33.368 DEBUG org.example.FactoryComand.Factory - Произведено вычисление
22:46:33.371 DEBUG org.example.FactoryComand.Factory - Подана не корректная команда
22:46:33.376 ERROR org.example.Parser.StreamParser - Поданы не корректные аргументы
22:46:33.377 DEBUG org.example.Parser.StreamParser - Получен путь к файлу
22:46:33.377 ERROR org.example.Parser.StreamParser - Не удалось считать файл
22:46:33.377 ERROR org.example.Parser.StreamParser - Поданы не корректные аргументы
22:46:33.378 DEBUG org.example.Parser.StreamParser - Получен путь к файлу
22:46:33.378 DEBUG org.example.Parser.StreamParser - Файл считан
22:46:33.378 DEBUG org.example.Parser.StreamParser - Считана строка
22:46:33.378 DEBUG org.example.Parser.StreamParser - Получена строка с комментарием
22:46:33.379 DEBUG org.example.Parser.StreamParser - Считана строка
22:46:33.379 DEBUG org.example.Parser.StreamParser - Создан макрос
22:46:33.379 DEBUG org.example.Parser.StreamParser - Считана строка
22:46:33.379 ERROR org.example.Parser.StreamParser - Неверный формат ввода команды define
22:46:33.379 DEBUG org.example.Parser.StreamParser - Считана строка
22:46:33.379 DEBUG org.example.Parser.StreamParser - Считана строка
22:46:33.379 ERROR org.example.Parser.StreamParser - Неверный формат ввода команды push
22:46:33.379 DEBUG org.example.Parser.StreamParser - Считана строка
22:46:33.379 ERROR org.example.Parser.StreamParser - Не верное значение аргументов(нет такого макроса)
22:46:33.379 DEBUG org.example.Parser.StreamParser - Считана строка
22:46:33.379 DEBUG org.example.Parser.StreamParser - Запушено значение
22:46:33.379 DEBUG org.example.Parser.StreamParser - Считана строка
22:46:33.379 DEBUG org.example.Parser.StreamParser - Запушено значение
22:46:33.379 DEBUG org.example.Parser.StreamParser - Считана строка
22:46:33.379 DEBUG org.example.Parser.StreamParser - pop выполнен
22:46:33.379 DEBUG org.example.Parser.StreamParser - Считана строка
22:46:33.379 DEBUG org.example.Parser.StreamParser - pop выполнен
22:46:33.379 DEBUG org.example.Parser.StreamParser - Считана строка
22:46:33.379 DEBUG org.example.Parser.StreamParser - Нет элементов в стеке pop
22:46:33.380 DEBUG org.example.Parser.StreamParser - Считана строка
22:46:33.380 DEBUG org.example.Parser.StreamParser - Нет элементов в стеке print
22:46:33.380 DEBUG org.example.Parser.StreamParser - Считана строка
22:46:33.380 DEBUG org.example.Parser.StreamParser - Запушено значение
22:46:33.380 DEBUG org.example.Parser.StreamParser - Считана строка
22:46:33.380 DEBUG org.example.Parser.StreamParser - print выполнен
22:46:33.380 DEBUG org.example.Parser.StreamParser - Считана строка
22:46:33.380 DEBUG org.example.Parser.StreamParser - Считана строка
22:46:33.380 ERROR org.example.Parser.StreamParser - Файл закончен или произошла ошибка в чтении
22:46:33.382 DEBUG org.example.Parser.StreamParser - Получен путь к файлу
22:46:33.382 DEBUG org.example.Parser.StreamParser - Файл считан
22:46:39.635 DEBUG org.example.FactoryComand.Factory - Произведено вычисление
22:46:39.639 DEBUG org.example.FactoryComand.Factory - Подана не корректная команда
22:46:39.643 ERROR org.example.Parser.StreamParser - Поданы не корректные аргументы
22:46:39.644 DEBUG org.example.Parser.StreamParser - Получен путь к файлу
22:46:39.644 ERROR org.example.Parser.StreamParser - Не удалось считать файл
22:46:39.644 ERROR org.example.Parser.StreamParser - Поданы не корректные аргументы
22:46:39.645 DEBUG org.example.Parser.StreamParser - Получен путь к файлу
22:46:39.645 DEBUG org.example.Parser.StreamParser - Файл считан
22:46:39.646 DEBUG org.example.Parser.StreamParser - Считана строка
22:46:39.646 DEBUG org.example.Parser.StreamParser - Получена строка с комментарием
22:46:39.646 DEBUG org.example.Parser.StreamParser - Считана строка
22:46:39.646 DEBUG org.example.Parser.StreamParser - Создан макрос
22:46:39.646 DEBUG org.example.Parser.StreamParser - Считана строка
22:46:39.646 ERROR org.example.Parser.StreamParser - Неверный формат ввода команды define
22:46:39.646 DEBUG org.example.Parser.StreamParser - Считана строка
22:46:39.646 DEBUG org.example.Parser.StreamParser - Считана строка
22:46:39.646 ERROR org.example.Parser.StreamParser - Неверный формат ввода команды push
22:46:39.646 DEBUG org.example.Parser.StreamParser - Считана строка
22:46:39.646 ERROR org.example.Parser.StreamParser - Не верное значение аргументов(нет такого макроса)
22:46:39.647 DEBUG org.example.Parser.StreamParser - Считана строка
22:46:39.647 DEBUG org.example.Parser.StreamParser - Запушено значение
22:46:39.647 DEBUG org.example.Parser.StreamParser - Считана строка
22:46:39.647 DEBUG org.example.Parser.StreamParser - Запушено значение
22:46:39.647 DEBUG org.example.Parser.StreamParser - Считана строка
22:46:39.647 DEBUG org.example.Parser.StreamParser - pop выполнен
22:46:39.647 DEBUG org.example.Parser.StreamParser - Считана строка
22:46:39.647 DEBUG org.example.Parser.StreamParser - pop выполнен
22:46:39.647 DEBUG org.example.Parser.StreamParser - Считана строка
22:46:39.647 DEBUG org.example.Parser.StreamParser - Нет элементов в стеке pop
22:46:39.647 DEBUG org.example.Parser.StreamParser - Считана строка
22:46:39.647 DEBUG org.example.Parser.StreamParser - Нет элементов в стеке print
22:46:39.647 DEBUG org.example.Parser.StreamParser - Считана строка
22:46:39.647 DEBUG org.example.Parser.StreamParser - Запушено значение
22:46:39.648 DEBUG org.example.Parser.StreamParser - Считана строка
22:46:39.648 DEBUG org.example.Parser.StreamParser - print выполнен
22:46:39.648 DEBUG org.example.Parser.StreamParser - Считана строка
22:46:39.648 DEBUG org.example.Parser.StreamParser - Считана строка
22:46:39.648 ERROR org.example.Parser.StreamParser - Файл закончен или произошла ошибка в чтении
22:46:39.649 DEBUG org.example.Parser.StreamParser - Получен путь к файлу
22:46:39.649 DEBUG org.example.Parser.StreamParser - Файл считан
22:54:06.114 DEBUG org.example.FactoryComand.Factory - Произведено вычисление
22:55:52.271 ERROR org.example.FactoryComand.iComand - Деление на ноль
22:55:52.276 ERROR org.example.FactoryComand.Factory - Ошибка при вычисленияхделение на ноль
22:57:16.939 DEBUG org.example.FactoryComand.iComand - Не достаточно элементов в стеке при делении
22:57:16.943 ERROR org.example.FactoryComand.Factory - Ошибка при вычисленияхnull
22:58:19.780 DEBUG org.example.FactoryComand.Factory - Произведено вычисление
22:58:27.985 DEBUG org.example.FactoryComand.Factory - Произведено вычисление
22:58:46.121 DEBUG org.example.FactoryComand.iComand - Не достаточно элементов в стеке при счете разницы
22:58:46.125 ERROR org.example.FactoryComand.Factory - Ошибка при вычисленияхНе хватает элементов в стеке
22:59:22.923 DEBUG org.example.FactoryComand.Factory - Произведено вычисление
22:59:24.332 DEBUG org.example.FactoryComand.iComand - Не достаточно элементов в стеке при произведении
22:59:24.338 ERROR org.example.FactoryComand.Factory - Ошибка при вычисленияхНе хватает элементов в стеке
22:59:59.819 DEBUG org.example.FactoryComand.Factory - Произведено вычисление
22:59:59.824 DEBUG org.example.FactoryComand.iComand - Не достаточно элементов в стеке при сумме
22:59:59.827 ERROR org.example.FactoryComand.Factory - Ошибка при вычисленияхНе хватает элементов в стеке
23:00:26.108 DEBUG org.example.FactoryComand.Factory - Подана не корректная команда
23:00:32.908 DEBUG org.example.FactoryComand.Factory - Произведено вычисление
23:01:37.787 DEBUG org.example.FactoryComand.iComand - Извлечение квадратного корня из отрицательного числа
23:01:37.790 ERROR org.example.FactoryComand.Factory - Ошибка при вычисленияхотрицательное число
23:09:05.770 DEBUG org.example.Main - Был создан парсер
23:09:05.772 DEBUG org.example.Calculator.Calculator - Была создана фабрика
23:09:05.772 DEBUG org.example.Parser.StreamParser - Получен путь к файлу
23:09:05.772 DEBUG org.example.Parser.StreamParser - Файл считан
23:09:05.772 DEBUG org.example.Calculator.Calculator - Установлен режим file
23:09:05.772 DEBUG org.example.Parser.StreamParser - Считана строка
23:09:05.772 DEBUG org.example.Parser.StreamParser - Запушено значение
23:09:05.772 DEBUG org.example.Calculator.Calculator - Получена операция файла
23:09:05.772 DEBUG org.example.Calculator.Calculator - Обработана операция файла
23:09:05.772 DEBUG org.example.Parser.StreamParser - Считана строка
23:09:05.772 DEBUG org.example.Parser.StreamParser - Запушено значение
23:09:05.773 DEBUG org.example.Calculator.Calculator - Получена операция файла
23:09:05.773 DEBUG org.example.Calculator.Calculator - Обработана операция файла
23:09:05.773 DEBUG org.example.Parser.StreamParser - Считана строка
23:09:05.773 DEBUG org.example.Calculator.Calculator - Получена операция файла
23:09:05.773 DEBUG org.example.FactoryComand.Factory - Произведено вычисление
23:09:05.773 DEBUG org.example.Calculator.Calculator - Обработана операция файла
23:09:05.773 DEBUG org.example.Parser.StreamParser - Считана строка
23:09:05.773 DEBUG org.example.Parser.StreamParser - print выполнен
23:09:05.773 DEBUG org.example.Calculator.Calculator - Получена операция файла
23:09:05.773 DEBUG org.example.Calculator.Calculator - Обработана операция файла
23:09:05.773 DEBUG org.example.Parser.StreamParser - Считана строка
23:09:05.773 ERROR org.example.Parser.StreamParser - Файл закончен или произошла ошибка в чтении
23:09:05.773 DEBUG org.example.Calculator.Calculator - Получена операция файла
23:09:05.773 INFO  org.example.Main - Калькулятор завершил работу
23:09:33.372 DEBUG org.example.Main - Был создан парсер
23:09:33.373 DEBUG org.example.Calculator.Calculator - Была создана фабрика
23:09:33.373 DEBUG org.example.Parser.StreamParser - Получен путь к файлу
23:09:33.373 DEBUG org.example.Parser.StreamParser - Файл считан
23:09:33.373 DEBUG org.example.Calculator.Calculator - Установлен режим file
23:09:33.373 DEBUG org.example.Parser.StreamParser - Считана строка
23:09:33.374 DEBUG org.example.Parser.StreamParser - Запушено значение
23:09:33.374 DEBUG org.example.Calculator.Calculator - Получена операция файла
23:09:33.374 DEBUG org.example.Calculator.Calculator - Обработана операция файла
23:09:33.374 DEBUG org.example.Parser.StreamParser - Считана строка
23:09:33.374 DEBUG org.example.Parser.StreamParser - Запушено значение
23:09:33.374 DEBUG org.example.Calculator.Calculator - Получена операция файла
23:09:33.374 DEBUG org.example.Calculator.Calculator - Обработана операция файла
23:09:33.374 DEBUG org.example.Parser.StreamParser - Считана строка
23:09:33.374 DEBUG org.example.Calculator.Calculator - Получена операция файла
23:09:33.374 DEBUG org.example.FactoryComand.Factory - Произведено вычисление
23:09:33.374 DEBUG org.example.Calculator.Calculator - Обработана операция файла
23:09:33.374 DEBUG org.example.Parser.StreamParser - Считана строка
23:09:33.374 DEBUG org.example.Parser.StreamParser - print выполнен
23:09:33.374 DEBUG org.example.Calculator.Calculator - Получена операция файла
23:09:33.374 DEBUG org.example.Calculator.Calculator - Обработана операция файла
23:09:33.374 DEBUG org.example.Parser.StreamParser - Считана строка
23:09:33.374 ERROR org.example.Parser.StreamParser - Файл закончен или произошла ошибка в чтении
23:09:33.374 DEBUG org.example.Calculator.Calculator - Получена операция файла
23:09:33.374 INFO  org.example.Main - Калькулятор завершил работу
23:10:09.734 DEBUG org.example.Main - Был создан парсер
23:10:09.735 DEBUG org.example.Calculator.Calculator - Была создана фабрика
23:10:09.735 DEBUG org.example.Parser.StreamParser - Получен путь к файлу
23:10:09.735 DEBUG org.example.Parser.StreamParser - Файл считан
23:10:09.735 DEBUG org.example.Calculator.Calculator - Установлен режим file
23:10:09.735 DEBUG org.example.Parser.StreamParser - Считана строка
23:10:09.736 DEBUG org.example.Parser.StreamParser - Запушено значение
23:10:09.736 DEBUG org.example.Calculator.Calculator - Получена операция файла
23:10:09.736 DEBUG org.example.Calculator.Calculator - Обработана операция файла
23:10:09.736 DEBUG org.example.Parser.StreamParser - Считана строка
23:10:09.736 DEBUG org.example.Parser.StreamParser - Запушено значение
23:10:09.736 DEBUG org.example.Calculator.Calculator - Получена операция файла
23:10:09.736 DEBUG org.example.Calculator.Calculator - Обработана операция файла
23:10:09.736 DEBUG org.example.Parser.StreamParser - Считана строка
23:10:09.736 DEBUG org.example.Calculator.Calculator - Получена операция файла
23:10:09.736 DEBUG org.example.FactoryComand.Factory - Произведено вычисление
23:10:09.736 DEBUG org.example.Calculator.Calculator - Обработана операция файла
23:10:09.736 DEBUG org.example.Parser.StreamParser - Считана строка
23:10:09.736 DEBUG org.example.Parser.StreamParser - print выполнен
23:10:09.736 DEBUG org.example.Calculator.Calculator - Получена операция файла
23:10:09.736 DEBUG org.example.Calculator.Calculator - Обработана операция файла
23:10:09.736 DEBUG org.example.Parser.StreamParser - Считана строка
23:10:09.736 ERROR org.example.Parser.StreamParser - Файл закончен или произошла ошибка в чтении
23:10:09.736 DEBUG org.example.Calculator.Calculator - Получена операция файла
23:10:09.736 INFO  org.example.Main - Калькулятор завершил работу
23:13:04.773 DEBUG org.example.Parser.StreamParser - Получен путь к файлу
23:13:04.774 DEBUG org.example.Parser.StreamParser - Файл считан
23:13:04.775 DEBUG org.example.Parser.StreamParser - Считана строка
23:13:04.775 DEBUG org.example.Parser.StreamParser - Получена строка с комментарием
23:13:04.775 DEBUG org.example.Parser.StreamParser - Считана строка
23:13:04.775 DEBUG org.example.Parser.StreamParser - Создан макрос
23:13:04.775 DEBUG org.example.Parser.StreamParser - Считана строка
23:13:04.775 ERROR org.example.Parser.StreamParser - Неверный формат ввода команды define
23:13:04.776 DEBUG org.example.Parser.StreamParser - Считана строка
23:13:04.777 DEBUG org.example.Parser.StreamParser - Считана строка
23:13:04.777 ERROR org.example.Parser.StreamParser - Неверный формат ввода команды push
23:13:04.777 DEBUG org.example.Parser.StreamParser - Считана строка
23:13:04.777 ERROR org.example.Parser.StreamParser - Не верное значение аргументов(нет такого макроса)
23:13:04.777 DEBUG org.example.Parser.StreamParser - Считана строка
23:13:04.777 DEBUG org.example.Parser.StreamParser - Запушено значение
23:13:04.777 DEBUG org.example.Parser.StreamParser - Считана строка
23:13:04.777 DEBUG org.example.Parser.StreamParser - Запушено значение
23:13:04.777 DEBUG org.example.Parser.StreamParser - Считана строка
23:13:04.777 DEBUG org.example.Parser.StreamParser - pop выполнен
23:13:04.777 DEBUG org.example.Parser.StreamParser - Считана строка
23:13:04.777 DEBUG org.example.Parser.StreamParser - pop выполнен
23:13:04.777 DEBUG org.example.Parser.StreamParser - Считана строка
23:13:04.777 DEBUG org.example.Parser.StreamParser - Нет элементов в стеке pop
23:13:04.777 DEBUG org.example.Parser.StreamParser - Считана строка
23:13:04.777 DEBUG org.example.Parser.StreamParser - Нет элементов в стеке print
23:13:04.777 DEBUG org.example.Parser.StreamParser - Считана строка
23:13:04.777 DEBUG org.example.Parser.StreamParser - Запушено значение
23:13:04.778 DEBUG org.example.Parser.StreamParser - Считана строка
23:13:04.778 DEBUG org.example.Parser.StreamParser - print выполнен
23:15:19.454 DEBUG org.example.Parser.StreamParser - Получен путь к файлу
23:15:19.455 DEBUG org.example.Parser.StreamParser - Файл считан
23:15:19.455 DEBUG org.example.Parser.StreamParser - Считана строка
23:15:19.455 DEBUG org.example.Parser.StreamParser - Получена строка с комментарием
23:15:19.456 DEBUG org.example.Parser.StreamParser - Считана строка
23:15:19.456 DEBUG org.example.Parser.StreamParser - Создан макрос
23:15:19.456 DEBUG org.example.Parser.StreamParser - Считана строка
23:15:19.456 ERROR org.example.Parser.StreamParser - Неверный формат ввода команды define
23:15:19.457 DEBUG org.example.Parser.StreamParser - Считана строка
23:15:19.458 DEBUG org.example.Parser.StreamParser - Считана строка
23:15:19.458 ERROR org.example.Parser.StreamParser - Неверный формат ввода команды push
23:15:19.458 DEBUG org.example.Parser.StreamParser - Считана строка
23:15:19.458 ERROR org.example.Parser.StreamParser - Не верное значение аргументов(нет такого макроса)
23:15:19.458 DEBUG org.example.Parser.StreamParser - Считана строка
23:15:19.458 DEBUG org.example.Parser.StreamParser - Запушено значение
23:15:19.458 DEBUG org.example.Parser.StreamParser - Считана строка
23:15:19.458 DEBUG org.example.Parser.StreamParser - Запушено значение
23:15:19.458 DEBUG org.example.Parser.StreamParser - Считана строка
23:15:19.458 DEBUG org.example.Parser.StreamParser - pop выполнен
23:15:19.458 DEBUG org.example.Parser.StreamParser - Считана строка
23:15:19.458 DEBUG org.example.Parser.StreamParser - pop выполнен
23:15:19.458 DEBUG org.example.Parser.StreamParser - Считана строка
23:15:19.458 DEBUG org.example.Parser.StreamParser - Нет элементов в стеке pop
23:15:19.458 DEBUG org.example.Parser.StreamParser - Считана строка
23:15:19.458 DEBUG org.example.Parser.StreamParser - Нет элементов в стеке print
23:15:19.458 DEBUG org.example.Parser.StreamParser - Считана строка
23:15:19.459 DEBUG org.example.Parser.StreamParser - Запушено значение
23:15:19.459 DEBUG org.example.Parser.StreamParser - Считана строка
23:15:19.459 DEBUG org.example.Parser.StreamParser - print выполнен
23:15:46.393 DEBUG org.example.Parser.StreamParser - Получен путь к файлу
23:15:46.395 DEBUG org.example.Parser.StreamParser - Файл считан
23:15:46.395 DEBUG org.example.Parser.StreamParser - Считана строка
23:15:46.395 DEBUG org.example.Parser.StreamParser - Получена строка с комментарием
23:15:46.395 DEBUG org.example.Parser.StreamParser - Считана строка
23:15:46.396 DEBUG org.example.Parser.StreamParser - Создан макрос
23:15:46.396 DEBUG org.example.Parser.StreamParser - Считана строка
23:15:46.396 ERROR org.example.Parser.StreamParser - Неверный формат ввода команды define
23:15:46.396 DEBUG org.example.Parser.StreamParser - Считана строка
23:15:46.397 DEBUG org.example.Parser.StreamParser - Считана строка
23:15:46.397 ERROR org.example.Parser.StreamParser - Неверный формат ввода команды push
23:15:46.397 DEBUG org.example.Parser.StreamParser - Считана строка
23:15:46.397 ERROR org.example.Parser.StreamParser - Не верное значение аргументов(нет такого макроса)
23:15:46.397 DEBUG org.example.Parser.StreamParser - Считана строка
23:15:46.397 DEBUG org.example.Parser.StreamParser - Запушено значение
23:15:46.397 DEBUG org.example.Parser.StreamParser - Считана строка
23:15:46.397 DEBUG org.example.Parser.StreamParser - Запушено значение
23:15:46.397 DEBUG org.example.Parser.StreamParser - Считана строка
23:15:46.397 DEBUG org.example.Parser.StreamParser - pop выполнен
23:15:46.397 DEBUG org.example.Parser.StreamParser - Считана строка
23:15:46.397 DEBUG org.example.Parser.StreamParser - pop выполнен
23:15:46.397 DEBUG org.example.Parser.StreamParser - Считана строка
23:15:46.397 DEBUG org.example.Parser.StreamParser - Нет элементов в стеке pop
23:15:46.398 DEBUG org.example.Parser.StreamParser - Считана строка
23:15:46.398 DEBUG org.example.Parser.StreamParser - Нет элементов в стеке print
23:15:46.398 DEBUG org.example.Parser.StreamParser - Считана строка
23:15:46.398 DEBUG org.example.Parser.StreamParser - Запушено значение
23:15:46.398 DEBUG org.example.Parser.StreamParser - Считана строка
23:15:46.398 DEBUG org.example.Parser.StreamParser - print выполнен
23:20:11.243 DEBUG org.example.Parser.StreamParser - Получен путь к файлу
23:20:11.245 DEBUG org.example.Parser.StreamParser - Файл считан
23:20:11.245 DEBUG org.example.Parser.StreamParser - Считана строка
23:20:11.245 DEBUG org.example.Parser.StreamParser - Получена строка с комментарием
23:20:11.246 DEBUG org.example.Parser.StreamParser - Считана строка
23:20:11.246 DEBUG org.example.Parser.StreamParser - Создан макрос
23:20:11.246 DEBUG org.example.Parser.StreamParser - Считана строка
23:20:11.246 ERROR org.example.Parser.StreamParser - Неверный формат ввода команды define
23:20:11.247 DEBUG org.example.Parser.StreamParser - Считана строка
23:20:11.247 DEBUG org.example.Parser.StreamParser - Считана строка
23:20:11.247 ERROR org.example.Parser.StreamParser - Неверный формат ввода команды push
23:20:11.247 DEBUG org.example.Parser.StreamParser - Считана строка
23:20:11.247 ERROR org.example.Parser.StreamParser - Не верное значение аргументов(нет такого макроса)
23:20:11.248 DEBUG org.example.Parser.StreamParser - Считана строка
23:20:11.248 DEBUG org.example.Parser.StreamParser - Запушено значение
23:20:11.248 DEBUG org.example.Parser.StreamParser - Считана строка
23:20:11.248 DEBUG org.example.Parser.StreamParser - Запушено значение
23:20:11.248 DEBUG org.example.Parser.StreamParser - Считана строка
23:20:11.248 DEBUG org.example.Parser.StreamParser - pop выполнен
23:20:11.248 DEBUG org.example.Parser.StreamParser - Считана строка
23:20:11.248 DEBUG org.example.Parser.StreamParser - pop выполнен
23:20:11.248 DEBUG org.example.Parser.StreamParser - Считана строка
23:20:11.248 DEBUG org.example.Parser.StreamParser - Нет элементов в стеке pop
23:20:11.248 DEBUG org.example.Parser.StreamParser - Считана строка
23:20:11.248 DEBUG org.example.Parser.StreamParser - Нет элементов в стеке print
23:20:11.248 DEBUG org.example.Parser.StreamParser - Считана строка
23:20:11.248 DEBUG org.example.Parser.StreamParser - Запушено значение
23:20:11.248 DEBUG org.example.Parser.StreamParser - Считана строка
23:20:11.248 DEBUG org.example.Parser.StreamParser - print выполнен
23:20:11.248 DEBUG org.example.Parser.StreamParser - Считана строка
23:20:11.248 DEBUG org.example.Parser.StreamParser - Считана строка
23:20:11.249 ERROR org.example.Parser.StreamParser - Файл закончен или произошла ошибка в чтении
23:20:23.018 DEBUG org.example.Main - Был создан парсер
23:20:23.020 DEBUG org.example.Calculator.Calculator - Была создана фабрика
23:20:23.020 DEBUG org.example.Parser.StreamParser - Получен путь к файлу
23:20:23.020 DEBUG org.example.Parser.StreamParser - Файл считан
23:20:23.020 DEBUG org.example.Calculator.Calculator - Установлен режим file
23:20:23.020 DEBUG org.example.Parser.StreamParser - Считана строка
23:20:23.020 DEBUG org.example.Parser.StreamParser - Запушено значение
23:20:23.020 DEBUG org.example.Calculator.Calculator - Получена операция файла
23:20:23.020 DEBUG org.example.Calculator.Calculator - Обработана операция файла
23:20:23.020 DEBUG org.example.Parser.StreamParser - Считана строка
23:20:23.021 DEBUG org.example.Parser.StreamParser - Запушено значение
23:20:23.021 DEBUG org.example.Calculator.Calculator - Получена операция файла
23:20:23.021 DEBUG org.example.Calculator.Calculator - Обработана операция файла
23:20:23.021 DEBUG org.example.Parser.StreamParser - Считана строка
23:20:23.021 DEBUG org.example.Calculator.Calculator - Получена операция файла
23:20:23.021 DEBUG org.example.FactoryComand.Factory - Произведено вычисление
23:20:23.021 DEBUG org.example.Calculator.Calculator - Обработана операция файла
23:20:23.021 DEBUG org.example.Parser.StreamParser - Считана строка
23:20:23.021 DEBUG org.example.Parser.StreamParser - print выполнен
23:20:23.021 DEBUG org.example.Calculator.Calculator - Получена операция файла
23:20:23.021 DEBUG org.example.Calculator.Calculator - Обработана операция файла
23:20:23.021 DEBUG org.example.Parser.StreamParser - Считана строка
23:20:23.021 ERROR org.example.Parser.StreamParser - Файл закончен или произошла ошибка в чтении
23:20:23.021 DEBUG org.example.Calculator.Calculator - Получена операция файла
23:20:23.021 INFO  org.example.Main - Калькулятор завершил работу
23:20:23.030 DEBUG org.example.FactoryComand.iComand - Не достаточно элементов в стеке при делении
23:20:23.035 ERROR org.example.FactoryComand.Factory - Ошибка при вычисленияхnull
23:20:23.036 DEBUG org.example.FactoryComand.Factory - Произведено вычисление
23:20:23.037 ERROR org.example.FactoryComand.iComand - Деление на ноль
23:20:23.037 ERROR org.example.FactoryComand.Factory - Ошибка при вычисленияхделение на ноль
23:20:23.040 DEBUG org.example.FactoryComand.Factory - Произведено вычисление
23:20:23.041 DEBUG org.example.FactoryComand.Factory - Подана не корректная команда
23:20:23.043 DEBUG org.example.FactoryComand.iComand - Не достаточно элементов в стеке при счете разницы
23:20:23.043 ERROR org.example.FactoryComand.Factory - Ошибка при вычисленияхНе хватает элементов в стеке
23:20:23.043 DEBUG org.example.FactoryComand.Factory - Произведено вычисление
23:20:23.044 DEBUG org.example.FactoryComand.iComand - Не достаточно элементов в стеке при произведении
23:20:23.044 ERROR org.example.FactoryComand.Factory - Ошибка при вычисленияхНе хватает элементов в стеке
23:20:23.045 DEBUG org.example.FactoryComand.Factory - Произведено вычисление
23:20:23.046 DEBUG org.example.FactoryComand.Factory - Произведено вычисление
23:20:23.047 DEBUG org.example.FactoryComand.iComand - Не достаточно элементов в стеке при сумме
23:20:23.047 ERROR org.example.FactoryComand.Factory - Ошибка при вычисленияхНе хватает элементов в стеке
23:20:23.049 DEBUG org.example.FactoryComand.Factory - Произведено вычисление
23:20:23.049 DEBUG org.example.FactoryComand.iComand - Извлечение квадратного корня из отрицательного числа
23:20:23.049 ERROR org.example.FactoryComand.Factory - Ошибка при вычисленияхотрицательное число
23:20:23.050 DEBUG org.example.FactoryComand.iComand - Не достаточно элементов в стеке при извлечении квадратного корня
23:20:23.050 ERROR org.example.FactoryComand.Factory - Ошибка при вычисленияхnull
23:20:23.052 ERROR org.example.Parser.StreamParser - Поданы не корректные аргументы
23:20:23.053 DEBUG org.example.Parser.StreamParser - Получен путь к файлу
23:20:23.053 ERROR org.example.Parser.StreamParser - Не удалось считать файл
23:20:23.053 ERROR org.example.Parser.StreamParser - Поданы не корректные аргументы
23:20:23.054 DEBUG org.example.Parser.StreamParser - Получен путь к файлу
23:20:23.054 DEBUG org.example.Parser.StreamParser - Файл считан
23:20:23.054 DEBUG org.example.Parser.StreamParser - Считана строка
23:20:23.055 DEBUG org.example.Parser.StreamParser - Получена строка с комментарием
23:20:23.055 DEBUG org.example.Parser.StreamParser - Считана строка
23:20:23.055 DEBUG org.example.Parser.StreamParser - Создан макрос
23:20:23.055 DEBUG org.example.Parser.StreamParser - Считана строка
23:20:23.055 ERROR org.example.Parser.StreamParser - Неверный формат ввода команды define
23:20:23.055 DEBUG org.example.Parser.StreamParser - Считана строка
23:20:23.055 DEBUG org.example.Parser.StreamParser - Считана строка
23:20:23.055 ERROR org.example.Parser.StreamParser - Неверный формат ввода команды push
23:20:23.055 DEBUG org.example.Parser.StreamParser - Считана строка
23:20:23.055 ERROR org.example.Parser.StreamParser - Не верное значение аргументов(нет такого макроса)
23:20:23.055 DEBUG org.example.Parser.StreamParser - Считана строка
23:20:23.055 DEBUG org.example.Parser.StreamParser - Запушено значение
23:20:23.055 DEBUG org.example.Parser.StreamParser - Считана строка
23:20:23.055 DEBUG org.example.Parser.StreamParser - Запушено значение
23:20:23.055 DEBUG org.example.Parser.StreamParser - Считана строка
23:20:23.055 DEBUG org.example.Parser.StreamParser - pop выполнен
23:20:23.055 DEBUG org.example.Parser.StreamParser - Считана строка
23:20:23.055 DEBUG org.example.Parser.StreamParser - pop выполнен
23:20:23.055 DEBUG org.example.Parser.StreamParser - Считана строка
23:20:23.055 DEBUG org.example.Parser.StreamParser - Нет элементов в стеке pop
23:20:23.056 DEBUG org.example.Parser.StreamParser - Считана строка
23:20:23.056 DEBUG org.example.Parser.StreamParser - Нет элементов в стеке print
23:20:23.056 DEBUG org.example.Parser.StreamParser - Считана строка
23:20:23.056 DEBUG org.example.Parser.StreamParser - Запушено значение
23:20:23.056 DEBUG org.example.Parser.StreamParser - Считана строка
23:20:23.056 DEBUG org.example.Parser.StreamParser - print выполнен
23:20:23.056 DEBUG org.example.Parser.StreamParser - Считана строка
23:20:23.056 DEBUG org.example.Parser.StreamParser - Считана строка
23:20:23.056 ERROR org.example.Parser.StreamParser - Файл закончен или произошла ошибка в чтении
23:20:23.057 DEBUG org.example.Parser.StreamParser - Получен путь к файлу
23:20:23.057 DEBUG org.example.Parser.StreamParser - Файл считан
23:20:28.576 DEBUG org.example.Main - Был создан парсер
23:20:28.578 DEBUG org.example.Calculator.Calculator - Была создана фабрика
23:20:28.578 DEBUG org.example.Parser.StreamParser - Получен путь к файлу
23:20:28.578 DEBUG org.example.Parser.StreamParser - Файл считан
23:20:28.578 DEBUG org.example.Calculator.Calculator - Установлен режим file
23:20:28.578 DEBUG org.example.Parser.StreamParser - Считана строка
23:20:28.578 DEBUG org.example.Parser.StreamParser - Запушено значение
23:20:28.578 DEBUG org.example.Calculator.Calculator - Получена операция файла
23:20:28.579 DEBUG org.example.Calculator.Calculator - Обработана операция файла
23:20:28.579 DEBUG org.example.Parser.StreamParser - Считана строка
23:20:28.579 DEBUG org.example.Parser.StreamParser - Запушено значение
23:20:28.579 DEBUG org.example.Calculator.Calculator - Получена операция файла
23:20:28.579 DEBUG org.example.Calculator.Calculator - Обработана операция файла
23:20:28.579 DEBUG org.example.Parser.StreamParser - Считана строка
23:20:28.579 DEBUG org.example.Calculator.Calculator - Получена операция файла
23:20:28.579 DEBUG org.example.FactoryComand.Factory - Произведено вычисление
23:20:28.579 DEBUG org.example.Calculator.Calculator - Обработана операция файла
23:20:28.579 DEBUG org.example.Parser.StreamParser - Считана строка
23:20:28.579 DEBUG org.example.Parser.StreamParser - print выполнен
23:20:28.579 DEBUG org.example.Calculator.Calculator - Получена операция файла
23:20:28.579 DEBUG org.example.Calculator.Calculator - Обработана операция файла
23:20:28.579 DEBUG org.example.Parser.StreamParser - Считана строка
23:20:28.579 ERROR org.example.Parser.StreamParser - Файл закончен или произошла ошибка в чтении
23:20:28.580 DEBUG org.example.Calculator.Calculator - Получена операция файла
23:20:28.580 INFO  org.example.Main - Калькулятор завершил работу
23:20:28.594 DEBUG org.example.FactoryComand.iComand - Не достаточно элементов в стеке при делении
23:20:28.600 ERROR org.example.FactoryComand.Factory - Ошибка при вычисленияхnull
23:20:28.603 DEBUG org.example.FactoryComand.Factory - Произведено вычисление
23:20:28.604 ERROR org.example.FactoryComand.iComand - Деление на ноль
23:20:28.604 ERROR org.example.FactoryComand.Factory - Ошибка при вычисленияхделение на ноль
23:20:28.605 DEBUG org.example.FactoryComand.Factory - Произведено вычисление
23:20:28.606 DEBUG org.example.FactoryComand.Factory - Подана не корректная команда
23:20:28.607 DEBUG org.example.FactoryComand.iComand - Не достаточно элементов в стеке при счете разницы
23:20:28.608 ERROR org.example.FactoryComand.Factory - Ошибка при вычисленияхНе хватает элементов в стеке
23:20:28.608 DEBUG org.example.FactoryComand.Factory - Произведено вычисление
23:20:28.609 DEBUG org.example.FactoryComand.iComand - Не достаточно элементов в стеке при произведении
23:20:28.609 ERROR org.example.FactoryComand.Factory - Ошибка при вычисленияхНе хватает элементов в стеке
23:20:28.610 DEBUG org.example.FactoryComand.Factory - Произведено вычисление
23:20:28.611 DEBUG org.example.FactoryComand.Factory - Произведено вычисление
23:20:28.612 DEBUG org.example.FactoryComand.iComand - Не достаточно элементов в стеке при сумме
23:20:28.612 ERROR org.example.FactoryComand.Factory - Ошибка при вычисленияхНе хватает элементов в стеке
23:20:28.613 DEBUG org.example.FactoryComand.Factory - Произведено вычисление
23:20:28.613 DEBUG org.example.FactoryComand.iComand - Извлечение квадратного корня из отрицательного числа
23:20:28.613 ERROR org.example.FactoryComand.Factory - Ошибка при вычисленияхотрицательное число
23:20:28.614 DEBUG org.example.FactoryComand.iComand - Не достаточно элементов в стеке при извлечении квадратного корня
23:20:28.614 ERROR org.example.FactoryComand.Factory - Ошибка при вычисленияхnull
23:20:28.615 ERROR org.example.Parser.StreamParser - Поданы не корректные аргументы
23:20:28.616 DEBUG org.example.Parser.StreamParser - Получен путь к файлу
23:20:28.616 ERROR org.example.Parser.StreamParser - Не удалось считать файл
23:20:28.616 ERROR org.example.Parser.StreamParser - Поданы не корректные аргументы
23:20:28.617 DEBUG org.example.Parser.StreamParser - Получен путь к файлу
23:20:28.617 DEBUG org.example.Parser.StreamParser - Файл считан
23:20:28.617 DEBUG org.example.Parser.StreamParser - Считана строка
23:20:28.617 DEBUG org.example.Parser.StreamParser - Получена строка с комментарием
23:20:28.617 DEBUG org.example.Parser.StreamParser - Считана строка
23:20:28.617 DEBUG org.example.Parser.StreamParser - Создан макрос
23:20:28.617 DEBUG org.example.Parser.StreamParser - Считана строка
23:20:28.617 ERROR org.example.Parser.StreamParser - Неверный формат ввода команды define
23:20:28.617 DEBUG org.example.Parser.StreamParser - Считана строка
23:20:28.617 DEBUG org.example.Parser.StreamParser - Считана строка
23:20:28.617 ERROR org.example.Parser.StreamParser - Неверный формат ввода команды push
23:20:28.618 DEBUG org.example.Parser.StreamParser - Считана строка
23:20:28.618 ERROR org.example.Parser.StreamParser - Не верное значение аргументов(нет такого макроса)
23:20:28.618 DEBUG org.example.Parser.StreamParser - Считана строка
23:20:28.618 DEBUG org.example.Parser.StreamParser - Запушено значение
23:20:28.618 DEBUG org.example.Parser.StreamParser - Считана строка
23:20:28.618 DEBUG org.example.Parser.StreamParser - Запушено значение
23:20:28.618 DEBUG org.example.Parser.StreamParser - Считана строка
23:20:28.618 DEBUG org.example.Parser.StreamParser - pop выполнен
23:20:28.618 DEBUG org.example.Parser.StreamParser - Считана строка
23:20:28.618 DEBUG org.example.Parser.StreamParser - pop выполнен
23:20:28.618 DEBUG org.example.Parser.StreamParser - Считана строка
23:20:28.618 DEBUG org.example.Parser.StreamParser - Нет элементов в стеке pop
23:20:28.618 DEBUG org.example.Parser.StreamParser - Считана строка
23:20:28.618 DEBUG org.example.Parser.StreamParser - Нет элементов в стеке print
23:20:28.618 DEBUG org.example.Parser.StreamParser - Считана строка
23:20:28.618 DEBUG org.example.Parser.StreamParser - Запушено значение
23:20:28.618 DEBUG org.example.Parser.StreamParser - Считана строка
23:20:28.618 DEBUG org.example.Parser.StreamParser - print выполнен
23:20:28.618 DEBUG org.example.Parser.StreamParser - Считана строка
23:20:28.618 DEBUG org.example.Parser.StreamParser - Считана строка
23:20:28.619 ERROR org.example.Parser.StreamParser - Файл закончен или произошла ошибка в чтении
23:20:28.620 DEBUG org.example.Parser.StreamParser - Получен путь к файлу
23:20:28.620 DEBUG org.example.Parser.StreamParser - Файл считан
