name connected
Send list users
28.04 19:35 :  get message
28.04 19:35 :  send message
28.04 19:35 : name get message
28.04 19:35 : name send message
name2 connected
Send list users
Send list users
28.04 19:35 :  get message
28.04 19:35 :  send message
28.04 19:35 :  send message
28.04 19:35 : name2 get message
28.04 19:35 : name2 send message
28.04 19:35 : name2 send message
28.04 19:35 :  get message
28.04 19:35 :  send message
28.04 19:35 :  send message
28.04 19:35 : System get message
name2 deleted
Send list users
28.04 19:35 :  get message
28.04 19:35 :  send message
28.04 19:35 : System get message
name deleted
dasha connected
Send list users
28.04 20:05 :  get message
28.04 20:05 :  send message
28.04 20:05 : dasha get message
28.04 20:05 : dasha send message
miron connected
Send list users
Send list users
28.04 20:06 :  get message
28.04 20:06 :  send message
28.04 20:06 :  send message
28.04 20:06 : dasha get message
28.04 20:06 : dasha send message
28.04 20:06 : dasha send message
28.04 20:06 : miron get message
28.04 20:06 : miron send message
28.04 20:06 : miron send message
miron deleted
Send list users
dasha deleted
name connected
Send list users
28.04 20:34 :  get message
28.04 20:34 :  send message
28.04 20:34 : name get message
28.04 20:34 : name send message
28.04 20:34 :  get message
28.04 20:34 :  send message
28.04 20:34 : System get message
name deleted
null deleted
name connected
Send list users
28.04 21:17 :  get message
28.04 21:17 :  send message
28.04 21:17 : name get message
28.04 21:17 : name send message
28.04 21:17 :  get message
28.04 21:17 :  send message
28.04 21:17 : System get message
name deleted
name connected
name deleted
name connected
28.04 22:31 : name get message
28.04 22:31 : name send message
28.04 22:31 : name send message
28.04 22:31 : name get message
28.04 22:31 : name send message
28.04 22:31 : name send message
name deleted
user connected
28.04 22:33 : user get message
28.04 22:33 : user send message
28.04 22:33 : user send message
28.04 22:33 : user get message
28.04 22:33 : user send message
28.04 22:33 : user send message
user deleted
naME connected
28.04 22:34 : naME get message
28.04 22:34 : naME send message
28.04 22:34 : naME send message
28.04 22:34 : naME get message
28.04 22:34 : naME send message
28.04 22:34 : naME send message
naME deleted
asdsa connected
28.04 22:34 : asdsa get message
28.04 22:34 : asdsa send message
28.04 22:34 : asdsa send message
asdsa deleted
name connected
28.04 22:38 : name get message
28.04 22:38 : name send message
28.04 22:38 : name send message
name deleted
name connected
29.04 00:18 : name get message
29.04 00:18 : name send message
29.04 00:18 : name send message
name deleted
name2 connected
29.04 00:20 : name2 get message
29.04 00:20 : name2 send message
29.04 00:20 : name2 send message
name connected
29.04 00:23 : name get message
29.04 00:23 : name send message
29.04 00:23 : name send message
name connected
29.04 00:26 : name get message
name connected
Send list users
29.04 00:39 : name get message
29.04 00:39 : name send message
29.04 00:39 : name send message
29.04 00:40 : name get message
29.04 00:40 : name send message
29.04 00:40 : name send message
name deleted
тфьу connected
Send list users
29.04 00:42 : тфьу get message
29.04 00:42 : тфьу send message
29.04 00:42 : тфьу send message
name connected
Send list users
29.04 00:57 : name get message
29.04 00:57 : name send message
29.04 00:57 : name send message
29.04 00:57 : name get message
29.04 00:57 : name send message
29.04 00:57 : name send message
name2 connected
Send list users
29.04 00:57 : name2 get message
29.04 00:57 : name2 send message
29.04 00:57 : name2 send message
29.04 00:57 : name2 send message
29.04 00:57 : name2 send message
name connected
Send list users
29.04 01:06 : name get message
29.04 01:06 : name send message
29.04 01:06 : name send message
29.04 01:06 : name get message
29.04 01:06 : name send message
29.04 01:06 : name send message
name 2 connected
Send list users
29.04 01:06 : name 2 get message
29.04 01:06 : name 2 send message
29.04 01:06 : name 2 send message
29.04 01:06 : name 2 send message
29.04 01:06 : name 2 send message
29.04 01:07 : name 2 get message
29.04 01:07 : name 2 send message
29.04 01:07 : name 2 send message
29.04 01:07 : name 2 send message
29.04 01:07 : name 2 send message
oleg connected
Send list users
29.04 01:07 : oleg get message
29.04 01:07 : oleg send message
29.04 01:07 : oleg send message
29.04 01:07 : oleg send message
29.04 01:07 : oleg send message
29.04 01:07 : oleg send message
29.04 01:07 : oleg send message
oleg deleted
Send list users
Send list users
Send list users
Send list users
name 2 deleted
Send list users
Send list users
name deleted
name connected
Send list users
29.04 01:17 : name get message
29.04 01:17 : name send message
29.04 01:17 : name send message
name deleted
name connected
Send list users
29.04 01:17 : name get message
29.04 01:17 : name send message
29.04 01:17 : name send message
name2 connected
Send list users
29.04 01:18 : name2 get message
29.04 01:18 : name2 send message
29.04 01:18 : name2 send message
29.04 01:18 : name2 send message
29.04 01:18 : name2 send message
name deleted
Send list users
Send list users
name3 connected
Send list users
29.04 01:18 : name3 get message
29.04 01:18 : name3 send message
29.04 01:18 : name3 send message
29.04 01:18 : name3 send message
29.04 01:18 : name3 send message
name2 deleted
Send list users
Send list users
name3 deleted
name connected
Send list users
29.04 01:22 : name get message
29.04 01:22 : name send message
29.04 01:22 : name send message
29.04 01:22 : name get message
29.04 01:22 : name send message
29.04 01:22 : name send message
name deleted
name connected
Send list users
29.04 01:23 : name get message
29.04 01:23 : name send message
29.04 01:23 : name send message
name2 connected
Send list users
29.04 01:23 : name2 get message
29.04 01:23 : name2 send message
29.04 01:23 : name2 send message
29.04 01:23 : name2 send message
29.04 01:23 : name2 send message
29.04 01:23 : name get message
29.04 01:23 : name send message
29.04 01:23 : name send message
29.04 01:23 : name send message
29.04 01:23 : name send message
name deleted
Send list users
Send list users
name connected
Send list users
29.04 01:29 : name get message
29.04 01:29 : name send message
29.04 01:29 : name send message
29.04 01:29 : name get message
29.04 01:29 : name send message
29.04 01:29 : name send message
29.04 01:29 : name get message
29.04 01:29 : name send message
29.04 01:29 : name send message
name deleted
name connected
Send list users
Send list users
29.04 01:37 : name get message
29.04 01:37 : name send message
29.04 01:37 : name send message
name2 connected
Send list users
Send list users
Send list users
Send list users
29.04 01:37 : name2 get message
29.04 01:37 : name2 send message
29.04 01:37 : name2 send message
29.04 01:37 : name2 send message
29.04 01:37 : name2 send message
29.04 01:37 : name2 get message
29.04 01:37 : name2 send message
29.04 01:37 : name2 send message
29.04 01:37 : name2 send message
29.04 01:37 : name2 send message
name2 deleted
Send list users
Send list users
29.04 01:38 : name get message
29.04 01:38 : name send message
29.04 01:38 : name send message
name deleted
name connected
Send list users
Send list users
29.04 01:41 : name get message
29.04 01:41 : name send message
29.04 01:41 : name send message
name deleted
anme connected
Send list users
Send list users
29.04 01:43 : anme get message
29.04 01:43 : anme send message
29.04 01:43 : anme send message
29.04 01:43 : anme get message
29.04 01:43 : anme send message
29.04 01:43 : anme send message
29.04 01:43 : anme get message
29.04 01:43 : anme send message
29.04 01:43 : anme send message
29.04 01:43 : anme get message
29.04 01:43 : anme send message
29.04 01:43 : anme send message
k connected
Send list users
Send list users
Send list users
Send list users
29.04 01:43 : k get message
29.04 01:43 : k send message
29.04 01:43 : k send message
29.04 01:43 : k send message
29.04 01:43 : k send message
29.04 01:43 : k get message
29.04 01:43 : k send message
29.04 01:43 : k send message
29.04 01:43 : k send message
29.04 01:43 : k send message
29.04 01:43 : k get message
29.04 01:43 : k send message
29.04 01:43 : k send message
29.04 01:43 : k send message
29.04 01:43 : k send message
29.04 01:43 : k get message
29.04 01:43 : k send message
29.04 01:43 : k send message
29.04 01:43 : k send message
29.04 01:43 : k send message
29.04 01:43 : k get message
29.04 01:43 : k send message
29.04 01:43 : k send message
29.04 01:43 : k send message
29.04 01:43 : k send message
k deleted
Send list users
Send list users
29.04 01:46 : anme get message
29.04 01:46 : anme send message
anme deleted
name connected
Send list users
Send list users
29.04 01:49 : name get message
29.04 01:49 : name send message
29.04 01:49 : name send message
name deleted
тфь connected
Send list users
Send list users
29.04 01:50 : тфь get message
29.04 01:50 : тфь send message
29.04 01:50 : тфь send message
29.04 01:57 : тфь get message
29.04 01:57 : тфь send message
29.04 01:57 : тфь send message
тфь deleted
name connected
Send list users
Send list users
29.04 02:03 : name get message
29.04 02:03 : name send message
29.04 02:03 : name send message
29.04 02:03 : name get message
29.04 02:03 : name send message
29.04 02:03 : name send message
29.04 02:03 : name get message
29.04 02:03 : name send message
29.04 02:03 : name send message
name deleted
т connected
Send list users
Send list users
29.04 02:22 : т get message
29.04 02:22 : т send message
29.04 02:22 : т send message
т deleted
т connected
Send list users
Send list users
29.04 02:23 : т get message
29.04 02:23 : т send message
29.04 02:23 : т send message
ь connected
Send list users
Send list users
29.04 02:26 : ь get message
29.04 02:26 : ь send message
29.04 02:26 : ь send message
т connected
Send list users
Send list users
29.04 02:27 : т get message
29.04 02:27 : т send message
29.04 02:27 : т send message
29.04 02:28 : т get message
т deleted
name connected
Send list users
29.04 02:31 : name get message
29.04 02:31 : name send message
29.04 02:31 : name get message
29.04 02:31 : name send message
egor connected
Send list users
Send list users
29.04 02:31 : egor get message
29.04 02:31 : egor send message
29.04 02:31 : egor send message
29.04 02:31 : egor get message
29.04 02:31 : egor send message
29.04 02:31 : egor send message
29.04 02:31 : name get message
29.04 02:31 : name send message
29.04 02:31 : name send message
name deleted
Send list users
egor deleted
n connected
Send list users
29.04 02:34 : n get message
29.04 02:34 : n send message
kk connected
Send list users
Send list users
29.04 02:35 : kk get message
29.04 02:35 : kk send message
29.04 02:35 : kk send message
29.04 02:35 : n get message
29.04 02:35 : n send message
29.04 02:35 : n send message
n deleted
Send list users
миша connected
Send list users
29.04 02:38 : миша get message
29.04 02:38 : миша send message
мирослав connected
Send list users
Send list users
29.04 02:39 : мирослав get message
29.04 02:39 : мирослав send message
29.04 02:39 : мирослав send message
павел connected
Send list users
Send list users
Send list users
29.04 02:39 : павел get message
29.04 02:39 : павел send message
29.04 02:39 : павел send message
29.04 02:39 : павел send message
29.04 02:39 : павел get message
29.04 02:39 : павел send message
29.04 02:39 : павел send message
29.04 02:39 : павел send message
29.04 02:39 : System get message
29.04 02:39 : System send message
29.04 02:39 : System send message
29.04 02:39 : System send message
мирослав deleted
Send list users
Send list users
29.04 02:39 : System get message
29.04 02:39 : System send message
29.04 02:39 : System send message
павел deleted
Send list users
29.04 02:40 : System get message
29.04 02:40 : System send message
миша deleted
